# JRE version: Java(TM) SE Runtime Environment (17.0.12+8) (build 17.0.12+8-LTS-286)
# Java VM: Java HotSpot(TM) 64-Bit Server VM (17.0.12+8-LTS-286, mixed mode, sharing, tiered, compressed oops, compressed class ptrs, g1 gc, windows-amd64)
GC Precious Log:
 CPUs: 8 total, 8 available
 Memory: 16162M
 Large Page Support: Disabled
 NUMA Support: Disabled
 Compressed Oops: Enabled (Zero based)
 Heap Region Size: 2M
 Heap Min Capacity: 8M
 Heap Initial Capacity: 254M
 Heap Max Capacity: 4042M
 Pre-touch: Disabled
 Parallel Workers: 8
 Concurrent Workers: 2
 Concurrent Refinement Workers: 8
 Periodic GC: Disabled
Heap:
 garbage-first heap   total 102400K, used 67773K [0x0000000703600000, 0x0000000800000000)
  region size 2048K, 11 young (22528K), 1 survivors (2048K)
 Metaspace       used 28908K, committed 29312K, reserved 1114112K
  class space    used 3294K, committed 3520K, reserved 1048576K
GC Heap History (16 events):
Event: 4.449 GC heap before
{Heap before GC invocations=0 (full 0):
 garbage-first heap   total 260096K, used 22528K [0x0000000703600000, 0x0000000800000000)
  region size 2048K, 11 young (22528K), 0 survivors (0K)
 Metaspace       used 5305K, committed 5440K, reserved 1114112K
  class space    used 633K, committed 704K, reserved 1048576K
}
Event: 5.160 GC heap after
{Heap after GC invocations=1 (full 0):
 garbage-first heap   total 260096K, used 3584K [0x0000000703600000, 0x0000000800000000)
  region size 2048K, 2 young (4096K), 2 survivors (4096K)
 Metaspace       used 5305K, committed 5440K, reserved 1114112K
  class space    used 633K, committed 704K, reserved 1048576K
}
Event: 7.896 GC heap before
{Heap before GC invocations=1 (full 0):
 garbage-first heap   total 260096K, used 34304K [0x0000000703600000, 0x0000000800000000)
  region size 2048K, 17 young (34816K), 2 survivors (4096K)
 Metaspace       used 8370K, committed 8512K, reserved 1114112K
  class space    used 1006K, committed 1088K, reserved 1048576K
}
Event: 7.902 GC heap after
{Heap after GC invocations=2 (full 0):
 garbage-first heap   total 260096K, used 4712K [0x0000000703600000, 0x0000000800000000)
  region size 2048K, 1 young (2048K), 1 survivors (2048K)
 Metaspace       used 8370K, committed 8512K, reserved 1114112K
  class space    used 1006K, committed 1088K, reserved 1048576K
}
Event: 41.958 GC heap before
{Heap before GC invocations=2 (full 0):
 garbage-first heap   total 260096K, used 158312K [0x0000000703600000, 0x0000000800000000)
  region size 2048K, 76 young (155648K), 1 survivors (2048K)
 Metaspace       used 16180K, committed 16384K, reserved 1114112K
  class space    used 1878K, committed 1984K, reserved 1048576K
}
Event: 41.976 GC heap after
{Heap after GC invocations=3 (full 0):
 garbage-first heap   total 260096K, used 15717K [0x0000000703600000, 0x0000000800000000)
  region size 2048K, 6 young (12288K), 6 survivors (12288K)
 Metaspace       used 16180K, committed 16384K, reserved 1114112K
  class space    used 1878K, committed 1984K, reserved 1048576K
}
Event: 50.294 GC heap before
{Heap before GC invocations=3 (full 0):
 garbage-first heap   total 260096K, used 91493K [0x0000000703600000, 0x0000000800000000)
  region size 2048K, 26 young (53248K), 6 survivors (12288K)
 Metaspace       used 21154K, committed 21504K, reserved 1114112K
  class space    used 2497K, committed 2688K, reserved 1048576K
}
Event: 50.316 GC heap after
{Heap after GC invocations=4 (full 0):
 garbage-first heap   total 260096K, used 25393K [0x0000000703600000, 0x0000000800000000)
  region size 2048K, 3 young (6144K), 3 survivors (6144K)
 Metaspace       used 21154K, committed 21504K, reserved 1114112K
  class space    used 2497K, committed 2688K, reserved 1048576K
}
Event: 63.723 GC heap before
{Heap before GC invocations=5 (full 0):
 garbage-first heap   total 96256K, used 76593K [0x0000000703600000, 0x0000000800000000)
  region size 2048K, 28 young (57344K), 3 survivors (6144K)
 Metaspace       used 25858K, committed 26176K, reserved 1114112K
  class space    used 3005K, committed 3200K, reserved 1048576K
}
Event: 63.747 GC heap after
{Heap after GC invocations=6 (full 0):
 garbage-first heap   total 102400K, used 41021K [0x0000000703600000, 0x0000000800000000)
  region size 2048K, 4 young (8192K), 4 survivors (8192K)
 Metaspace       used 25858K, committed 26176K, reserved 1114112K
  class space    used 3005K, committed 3200K, reserved 1048576K
}
Event: 63.954 GC heap before
{Heap before GC invocations=6 (full 0):
 garbage-first heap   total 102400K, used 43069K [0x0000000703600000, 0x0000000800000000)
  region size 2048K, 5 young (10240K), 4 survivors (8192K)
 Metaspace       used 26036K, committed 26368K, reserved 1114112K
  class space    used 3020K, committed 3200K, reserved 1048576K
}
Event: 63.966 GC heap after
{Heap after GC invocations=7 (full 0):
 garbage-first heap   total 102400K, used 42997K [0x0000000703600000, 0x0000000800000000)
  region size 2048K, 1 young (2048K), 1 survivors (2048K)
 Metaspace       used 26036K, committed 26368K, reserved 1114112K
  class space    used 3020K, committed 3200K, reserved 1048576K
}
Event: 69.212 GC heap before
{Heap before GC invocations=7 (full 0):
 garbage-first heap   total 102400K, used 71669K [0x0000000703600000, 0x0000000800000000)
  region size 2048K, 15 young (30720K), 1 survivors (2048K)
 Metaspace       used 27000K, committed 27392K, reserved 1114112K
  class space    used 3080K, committed 3264K, reserved 1048576K
}
Event: 69.232 GC heap after
{Heap after GC invocations=8 (full 0):
 garbage-first heap   total 102400K, used 47963K [0x0000000703600000, 0x0000000800000000)
  region size 2048K, 2 young (4096K), 2 survivors (4096K)
 Metaspace       used 27000K, committed 27392K, reserved 1114112K
  class space    used 3080K, committed 3264K, reserved 1048576K
}
Event: 80.964 GC heap before
{Heap before GC invocations=8 (full 0):
 garbage-first heap   total 102400K, used 72539K [0x0000000703600000, 0x0000000800000000)
  region size 2048K, 15 young (30720K), 2 survivors (4096K)
 Metaspace       used 28345K, committed 28672K, reserved 1114112K
  class space    used 3238K, committed 3392K, reserved 1048576K
}
Event: 80.981 GC heap after
{Heap after GC invocations=9 (full 0):
 garbage-first heap   total 102400K, used 49341K [0x0000000703600000, 0x0000000800000000)
  region size 2048K, 1 young (2048K), 1 survivors (2048K)
 Metaspace       used 28345K, committed 28672K, reserved 1114112K
  class space    used 3238K, committed 3392K, reserved 1048576K
}

